{"/Users/silverwind/git/color-hash/lib/bkdr-hash.js":{"path":"/Users/silverwind/git/color-hash/lib/bkdr-hash.js","s":{"1":1,"2":8,"3":8,"4":8,"5":8,"6":8,"7":8,"8":360014,"9":356706,"10":360014,"11":8,"12":1},"b":{"1":[356706,3308]},"f":{"1":8},"fnMap":{"1":{"name":"(anonymous_1)","line":7,"loc":{"start":{"line":7,"column":15},"end":{"line":7,"column":29}}}},"statementMap":{"1":{"start":{"line":7,"column":0},"end":{"line":22,"column":2}},"2":{"start":{"line":8,"column":4},"end":{"line":8,"column":19}},"3":{"start":{"line":9,"column":4},"end":{"line":9,"column":20}},"4":{"start":{"line":10,"column":4},"end":{"line":10,"column":17}},"5":{"start":{"line":12,"column":4},"end":{"line":12,"column":15}},"6":{"start":{"line":14,"column":4},"end":{"line":14,"column":62}},"7":{"start":{"line":15,"column":4},"end":{"line":20,"column":5}},"8":{"start":{"line":16,"column":8},"end":{"line":18,"column":9}},"9":{"start":{"line":17,"column":12},"end":{"line":17,"column":42}},"10":{"start":{"line":19,"column":8},"end":{"line":19,"column":47}},"11":{"start":{"line":21,"column":4},"end":{"line":21,"column":16}},"12":{"start":{"line":24,"column":0},"end":{"line":24,"column":26}}},"branchMap":{"1":{"line":16,"type":"if","locations":[{"start":{"line":16,"column":8},"end":{"line":16,"column":8}},{"start":{"line":16,"column":8},"end":{"line":16,"column":8}}]}}},"/Users/silverwind/git/color-hash/lib/color-hash.js":{"path":"/Users/silverwind/git/color-hash/lib/color-hash.js","s":{"1":2,"2":2,"3":4,"4":4,"5":12,"6":3,"7":12,"8":4,"9":2,"10":7,"11":7,"12":7,"13":7,"14":21,"15":1,"16":21,"17":4,"18":21,"19":5,"20":16,"21":7,"22":9,"23":1,"24":8,"25":21,"26":2,"27":4,"28":4,"29":8,"30":8,"31":4,"32":4,"33":4,"34":4,"35":4,"36":4,"37":4,"38":4,"39":4,"40":0,"41":4,"42":0,"43":4,"44":2,"45":6,"46":6,"47":6,"48":6,"49":0,"50":0,"51":6,"52":6,"53":6,"54":6,"55":6,"56":0,"57":6,"58":0,"59":6,"60":0,"61":6,"62":0,"63":6,"64":2,"65":2,"66":2,"67":2,"68":1,"69":1,"70":2},"b":{"1":[3,9],"2":[4,3],"3":[1,20],"4":[4,17],"5":[5,16],"6":[7,9],"7":[1,8],"8":[4,1],"9":[8,4],"10":[6,2],"11":[4,4],"12":[4,4],"13":[4,4],"14":[4,4],"15":[0,4],"16":[4,4],"17":[0,4],"18":[4,0],"19":[4,3],"20":[0,6],"21":[6,0],"22":[0,6],"23":[0,6],"24":[0,6],"25":[0,6]},"f":{"1":4,"2":12,"3":7,"4":21,"5":4,"6":8,"7":6,"8":2,"9":1},"fnMap":{"1":{"name":"(anonymous_1)","line":9,"loc":{"start":{"line":9,"column":14},"end":{"line":9,"column":33}}},"2":{"name":"(anonymous_2)","line":11,"loc":{"start":{"line":11,"column":21},"end":{"line":11,"column":37}}},"3":{"name":"(anonymous_3)","line":29,"loc":{"start":{"line":29,"column":14},"end":{"line":29,"column":32}}},"4":{"name":"(anonymous_4)","line":35,"loc":{"start":{"line":35,"column":37},"end":{"line":35,"column":53}}},"5":{"name":"(anonymous_5)","line":60,"loc":{"start":{"line":60,"column":16},"end":{"line":60,"column":34}}},"6":{"name":"(anonymous_6)","line":63,"loc":{"start":{"line":63,"column":57},"end":{"line":63,"column":73}}},"7":{"name":"(anonymous_7)","line":93,"loc":{"start":{"line":93,"column":26},"end":{"line":93,"column":40}}},"8":{"name":"(anonymous_8)","line":122,"loc":{"start":{"line":122,"column":26},"end":{"line":122,"column":40}}},"9":{"name":"(anonymous_9)","line":133,"loc":{"start":{"line":133,"column":26},"end":{"line":133,"column":40}}}},"statementMap":{"1":{"start":{"line":1,"column":0},"end":{"line":1,"column":38}},"2":{"start":{"line":9,"column":0},"end":{"line":18,"column":2}},"3":{"start":{"line":10,"column":4},"end":{"line":10,"column":18}},"4":{"start":{"line":11,"column":4},"end":{"line":16,"column":7}},"5":{"start":{"line":12,"column":8},"end":{"line":14,"column":9}},"6":{"start":{"line":13,"column":12},"end":{"line":13,"column":21}},"7":{"start":{"line":15,"column":8},"end":{"line":15,"column":34}},"8":{"start":{"line":17,"column":4},"end":{"line":17,"column":15}},"9":{"start":{"line":29,"column":0},"end":{"line":53,"column":2}},"10":{"start":{"line":30,"column":4},"end":{"line":30,"column":13}},"11":{"start":{"line":32,"column":4},"end":{"line":32,"column":50}},"12":{"start":{"line":33,"column":4},"end":{"line":33,"column":22}},"13":{"start":{"line":35,"column":4},"end":{"line":52,"column":7}},"14":{"start":{"line":36,"column":8},"end":{"line":38,"column":9}},"15":{"start":{"line":37,"column":12},"end":{"line":37,"column":20}},"16":{"start":{"line":39,"column":8},"end":{"line":41,"column":9}},"17":{"start":{"line":40,"column":12},"end":{"line":40,"column":20}},"18":{"start":{"line":42,"column":8},"end":{"line":50,"column":9}},"19":{"start":{"line":43,"column":12},"end":{"line":43,"column":44}},"20":{"start":{"line":44,"column":15},"end":{"line":50,"column":9}},"21":{"start":{"line":45,"column":12},"end":{"line":45,"column":22}},"22":{"start":{"line":46,"column":15},"end":{"line":50,"column":9}},"23":{"start":{"line":47,"column":12},"end":{"line":47,"column":52}},"24":{"start":{"line":49,"column":12},"end":{"line":49,"column":22}},"25":{"start":{"line":51,"column":8},"end":{"line":51,"column":39}},"26":{"start":{"line":60,"column":0},"end":{"line":84,"column":2}},"27":{"start":{"line":61,"column":4},"end":{"line":61,"column":28}},"28":{"start":{"line":63,"column":4},"end":{"line":66,"column":7}},"29":{"start":{"line":64,"column":8},"end":{"line":64,"column":43}},"30":{"start":{"line":65,"column":8},"end":{"line":65,"column":101}},"31":{"start":{"line":68,"column":4},"end":{"line":68,"column":19}},"32":{"start":{"line":69,"column":4},"end":{"line":69,"column":19}},"33":{"start":{"line":71,"column":4},"end":{"line":71,"column":29}},"34":{"start":{"line":72,"column":4},"end":{"line":72,"column":29}},"35":{"start":{"line":73,"column":4},"end":{"line":73,"column":34}},"36":{"start":{"line":74,"column":4},"end":{"line":74,"column":34}},"37":{"start":{"line":75,"column":4},"end":{"line":75,"column":34}},"38":{"start":{"line":76,"column":4},"end":{"line":76,"column":34}},"39":{"start":{"line":78,"column":4},"end":{"line":79,"column":21}},"40":{"start":{"line":79,"column":8},"end":{"line":79,"column":21}},"41":{"start":{"line":80,"column":4},"end":{"line":81,"column":23}},"42":{"start":{"line":81,"column":8},"end":{"line":81,"column":23}},"43":{"start":{"line":83,"column":4},"end":{"line":83,"column":41}},"44":{"start":{"line":93,"column":0},"end":{"line":113,"column":2}},"45":{"start":{"line":94,"column":4},"end":{"line":94,"column":16}},"46":{"start":{"line":95,"column":4},"end":{"line":95,"column":30}},"47":{"start":{"line":97,"column":4},"end":{"line":97,"column":19}},"48":{"start":{"line":98,"column":4},"end":{"line":101,"column":5}},"49":{"start":{"line":99,"column":6},"end":{"line":99,"column":15}},"50":{"start":{"line":100,"column":6},"end":{"line":100,"column":50}},"51":{"start":{"line":102,"column":4},"end":{"line":102,"column":32}},"52":{"start":{"line":103,"column":4},"end":{"line":103,"column":37}},"53":{"start":{"line":104,"column":4},"end":{"line":104,"column":42}},"54":{"start":{"line":105,"column":4},"end":{"line":105,"column":37}},"55":{"start":{"line":107,"column":4},"end":{"line":107,"column":37}},"56":{"start":{"line":107,"column":23},"end":{"line":107,"column":37}},"57":{"start":{"line":108,"column":4},"end":{"line":108,"column":37}},"58":{"start":{"line":108,"column":23},"end":{"line":108,"column":37}},"59":{"start":{"line":109,"column":4},"end":{"line":109,"column":37}},"60":{"start":{"line":109,"column":23},"end":{"line":109,"column":37}},"61":{"start":{"line":110,"column":4},"end":{"line":110,"column":37}},"62":{"start":{"line":110,"column":23},"end":{"line":110,"column":37}},"63":{"start":{"line":112,"column":4},"end":{"line":112,"column":21}},"64":{"start":{"line":122,"column":0},"end":{"line":125,"column":2}},"65":{"start":{"line":123,"column":4},"end":{"line":123,"column":28}},"66":{"start":{"line":124,"column":4},"end":{"line":124,"column":36}},"67":{"start":{"line":133,"column":0},"end":{"line":136,"column":2}},"68":{"start":{"line":134,"column":4},"end":{"line":134,"column":28}},"69":{"start":{"line":135,"column":4},"end":{"line":135,"column":24}},"70":{"start":{"line":138,"column":0},"end":{"line":138,"column":27}}},"branchMap":{"1":{"line":12,"type":"if","locations":[{"start":{"line":12,"column":8},"end":{"line":12,"column":8}},{"start":{"line":12,"column":8},"end":{"line":12,"column":8}}]},"2":{"line":32,"type":"cond-expr","locations":[{"start":{"line":32,"column":22},"end":{"line":32,"column":33}},{"start":{"line":32,"column":36},"end":{"line":32,"column":49}}]},"3":{"line":36,"type":"if","locations":[{"start":{"line":36,"column":8},"end":{"line":36,"column":8}},{"start":{"line":36,"column":8},"end":{"line":36,"column":8}}]},"4":{"line":39,"type":"if","locations":[{"start":{"line":39,"column":8},"end":{"line":39,"column":8}},{"start":{"line":39,"column":8},"end":{"line":39,"column":8}}]},"5":{"line":42,"type":"if","locations":[{"start":{"line":42,"column":8},"end":{"line":42,"column":8}},{"start":{"line":42,"column":8},"end":{"line":42,"column":8}}]},"6":{"line":44,"type":"if","locations":[{"start":{"line":44,"column":15},"end":{"line":44,"column":15}},{"start":{"line":44,"column":15},"end":{"line":44,"column":15}}]},"7":{"line":46,"type":"if","locations":[{"start":{"line":46,"column":15},"end":{"line":46,"column":15}},{"start":{"line":46,"column":15},"end":{"line":46,"column":15}}]},"8":{"line":61,"type":"binary-expr","locations":[{"start":{"line":61,"column":14},"end":{"line":61,"column":21}},{"start":{"line":61,"column":25},"end":{"line":61,"column":27}}]},"9":{"line":64,"type":"binary-expr","locations":[{"start":{"line":64,"column":16},"end":{"line":64,"column":21}},{"start":{"line":64,"column":25},"end":{"line":64,"column":42}}]},"10":{"line":65,"type":"cond-expr","locations":[{"start":{"line":65,"column":76},"end":{"line":65,"column":90}},{"start":{"line":65,"column":93},"end":{"line":65,"column":100}}]},"11":{"line":73,"type":"binary-expr","locations":[{"start":{"line":73,"column":16},"end":{"line":73,"column":28}},{"start":{"line":73,"column":32},"end":{"line":73,"column":33}}]},"12":{"line":74,"type":"binary-expr","locations":[{"start":{"line":74,"column":16},"end":{"line":74,"column":28}},{"start":{"line":74,"column":32},"end":{"line":74,"column":33}}]},"13":{"line":75,"type":"binary-expr","locations":[{"start":{"line":75,"column":16},"end":{"line":75,"column":28}},{"start":{"line":75,"column":32},"end":{"line":75,"column":33}}]},"14":{"line":76,"type":"binary-expr","locations":[{"start":{"line":76,"column":16},"end":{"line":76,"column":28}},{"start":{"line":76,"column":32},"end":{"line":76,"column":33}}]},"15":{"line":78,"type":"if","locations":[{"start":{"line":78,"column":4},"end":{"line":78,"column":4}},{"start":{"line":78,"column":4},"end":{"line":78,"column":4}}]},"16":{"line":78,"type":"binary-expr","locations":[{"start":{"line":78,"column":8},"end":{"line":78,"column":31}},{"start":{"line":78,"column":35},"end":{"line":78,"column":58}}]},"17":{"line":80,"type":"if","locations":[{"start":{"line":80,"column":4},"end":{"line":80,"column":4}},{"start":{"line":80,"column":4},"end":{"line":80,"column":4}}]},"18":{"line":80,"type":"binary-expr","locations":[{"start":{"line":80,"column":8},"end":{"line":80,"column":31}},{"start":{"line":80,"column":35},"end":{"line":80,"column":58}}]},"19":{"line":83,"type":"binary-expr","locations":[{"start":{"line":83,"column":16},"end":{"line":83,"column":28}},{"start":{"line":83,"column":32},"end":{"line":83,"column":40}}]},"20":{"line":98,"type":"if","locations":[{"start":{"line":98,"column":4},"end":{"line":98,"column":4}},{"start":{"line":98,"column":4},"end":{"line":98,"column":4}}]},"21":{"line":98,"type":"binary-expr","locations":[{"start":{"line":98,"column":8},"end":{"line":98,"column":31}},{"start":{"line":98,"column":35},"end":{"line":98,"column":58}}]},"22":{"line":107,"type":"if","locations":[{"start":{"line":107,"column":4},"end":{"line":107,"column":4}},{"start":{"line":107,"column":4},"end":{"line":107,"column":4}}]},"23":{"line":108,"type":"if","locations":[{"start":{"line":108,"column":4},"end":{"line":108,"column":4}},{"start":{"line":108,"column":4},"end":{"line":108,"column":4}}]},"24":{"line":109,"type":"if","locations":[{"start":{"line":109,"column":4},"end":{"line":109,"column":4}},{"start":{"line":109,"column":4},"end":{"line":109,"column":4}}]},"25":{"line":110,"type":"if","locations":[{"start":{"line":110,"column":4},"end":{"line":110,"column":4}},{"start":{"line":110,"column":4},"end":{"line":110,"column":4}}]}}}}